
=== Boa session start: 2026-05-23T07:44:06.621015 ===

=== Boa session start: 2026-05-23T07:55:25.049340 ===

=== Boa session start: 2026-05-23T08:03:35.529473 ===

=== Boa session start: 2026-05-23T08:21:27.056986 ===

=== Boa session start: 2026-05-23T08:26:19.458570 ===
Traceback (most recent call last):
  File "c:\Users\rjs\Documents\GitHub\boa-constructor\Boa.py", line 612, in OnInit
    abt = About.createSplash(None, modTot, fileTot)
          ^^^^^^^^^^^^^^^^^^^^^^^^^^^^^^^^^^^^^^^^^
  File "c:\Users\rjs\Documents\GitHub\boa-constructor\About.py", line 200, in createSplash
    return AboutBoxSplash(parent, modTot, fileTot, extraStyle=wx.html.HW_SCROLLBAR_NEVER)
           ^^^^^^^^^^^^^^^^^^^^^^^^^^^^^^^^^^^^^^^^^^^^^^^^^^^^^^^^^^^^^^^^^^^^^^^^^^^^^^
  File "c:\Users\rjs\Documents\GitHub\boa-constructor\About.py", line 225, in __init__
    self.setPage()  # type: ignore[attr-defined]
    ^^^^^^^^^^^^^^
  File "c:\Users\rjs\Documents\GitHub\boa-constructor\About.py", line 338, in setPage
    self.initCtrlNames()
  File "c:\Users\rjs\Documents\GitHub\boa-constructor\About.py", line 342, in initCtrlNames
    self.label.SetBackgroundColour(wx.WHITE)
    ^^^^^^^^^^^^^^^^^^^^^^^^^^^^^^
AttributeError: 'NoneType' object has no attribute 'SetBackgroundColour'

=== Boa session start: 2026-05-23T08:27:26.464582 ===

=== Boa session start: 2026-05-23T08:29:35.318923 ===
